[debug] [2022-11-28T17:57:49.477Z] ----------------------------------------------------------------------
[debug] [2022-11-28T17:57:49.479Z] Command:       /usr/local/bin/firebase /home/matias/.cache/firebase/tools/lib/node_modules/firebase-tools/lib/bin/firebase init
[debug] [2022-11-28T17:57:49.479Z] CLI Version:   11.8.0
[debug] [2022-11-28T17:57:49.479Z] Platform:      linux
[debug] [2022-11-28T17:57:49.479Z] Node Version:  v16.16.0
[debug] [2022-11-28T17:57:49.480Z] Time:          Mon Nov 28 2022 14:57:49 GMT-0300 (GMT-03:00)
[debug] [2022-11-28T17:57:49.480Z] ----------------------------------------------------------------------
[debug] 
[debug] [2022-11-28T17:57:49.531Z] > command requires scopes: ["email","openid","https://www.googleapis.com/auth/cloudplatformprojects.readonly","https://www.googleapis.com/auth/firebase","https://www.googleapis.com/auth/cloud-platform"]
[debug] [2022-11-28T17:57:49.531Z] > authorizing via signed-in user (gonzalo.tafernaberry@gmail.com)
[info] 
     ######## #### ########  ######## ########     ###     ######  ########
     ##        ##  ##     ## ##       ##     ##  ##   ##  ##       ##
     ######    ##  ########  ######   ########  #########  ######  ######
     ##        ##  ##    ##  ##       ##     ## ##     ##       ## ##
     ##       #### ##     ## ######## ########  ##     ##  ######  ########

You're about to initialize a Firebase project in this directory:

  /home/matias/Documentos/firebase

Before we get started, keep in mind:

  * You are initializing within an existing Firebase project directory

[info] 
=== Project Setup
[info] 
[info] First, let's associate this project directory with a Firebase project.
[info] You can create multiple project aliases by running firebase use --add, 
[info] but for now we'll just set up a default project.
[info] 
[info] i  If you want to create a project in a Google Cloud organization or folder, please use "firebase projects:create" instead, and return to this command when you've created the project. 
[debug] [2022-11-28T17:58:53.944Z] ----------------------------------------------------------------------
[debug] [2022-11-28T17:58:53.946Z] Command:       /usr/local/bin/firebase /home/matias/.cache/firebase/tools/lib/node_modules/firebase-tools/lib/bin/firebase init
[debug] [2022-11-28T17:58:53.946Z] CLI Version:   11.8.0
[debug] [2022-11-28T17:58:53.946Z] Platform:      linux
[debug] [2022-11-28T17:58:53.946Z] Node Version:  v16.16.0
[debug] [2022-11-28T17:58:53.947Z] Time:          Mon Nov 28 2022 14:58:53 GMT-0300 (GMT-03:00)
[debug] [2022-11-28T17:58:53.947Z] ----------------------------------------------------------------------
[debug] 
[debug] [2022-11-28T17:58:54.000Z] > command requires scopes: ["email","openid","https://www.googleapis.com/auth/cloudplatformprojects.readonly","https://www.googleapis.com/auth/firebase","https://www.googleapis.com/auth/cloud-platform"]
[debug] [2022-11-28T17:58:54.001Z] > authorizing via signed-in user (gonzalo.tafernaberry@gmail.com)
[info] 
     ######## #### ########  ######## ########     ###     ######  ########
     ##        ##  ##     ## ##       ##     ##  ##   ##  ##       ##
     ######    ##  ########  ######   ########  #########  ######  ######
     ##        ##  ##    ##  ##       ##     ## ##     ##       ## ##
     ##       #### ##     ## ######## ########  ##     ##  ######  ########

You're about to initialize a Firebase project in this directory:

  /home/matias/Documentos/firebase

Before we get started, keep in mind:

  * You are initializing within an existing Firebase project directory

[info] 
=== Project Setup
[info] 
[info] First, let's associate this project directory with a Firebase project.
[info] You can create multiple project aliases by running firebase use --add, 
[info] but for now we'll just set up a default project.
[info] 
[debug] [2022-11-28T17:59:08.270Z] >>> [apiv2][query] GET https://firebase.googleapis.com/v1beta1/projects pageSize=100
[debug] [2022-11-28T17:59:09.074Z] <<< [apiv2][status] GET https://firebase.googleapis.com/v1beta1/projects 200
[debug] [2022-11-28T17:59:09.075Z] <<< [apiv2][body] GET https://firebase.googleapis.com/v1beta1/projects [omitted]
[info] i  Using project noticias-uruguay (noticias-uruguay) 
[info] 
=== Hosting Setup
[info] 
[info] Your public directory is the folder (relative to your project directory) that
[info] will contain Hosting assets to be uploaded with firebase deploy. If you
[info] have a build process for your assets, use your build's output directory.
[info] 
[debug] [2022-11-28T17:59:48.305Z] >>> [apiv2][query] GET https://www.gstatic.com/firebasejs/releases.json [none]
[debug] [2022-11-28T17:59:48.425Z] <<< [apiv2][status] GET https://www.gstatic.com/firebasejs/releases.json 200
[debug] [2022-11-28T17:59:48.425Z] <<< [apiv2][body] GET https://www.gstatic.com/firebasejs/releases.json {"current":{"version":"9.14.0","browserURL":"https://www.gstatic.com/firebasejs/9.14.0/firebase.js","packageURL":"https://www.gstatic.com/firebasejs/9.14.0/firebase.tgz"},"live":{"version":"9.14","browserURL":"https://www.gstatic.com/firebasejs/live/9.14/firebase.js","packageURL":"https://www.gstatic.com/firebasejs/live/9.14/firebase.tgz"},"components":{"analytics":"https://www.gstatic.com/firebasejs/9.14.0/firebase-analytics.js","app":"https://www.gstatic.com/firebasejs/9.14.0/firebase-app.js","app-check":"https://www.gstatic.com/firebasejs/9.14.0/firebase-app-check.js","auth":"https://www.gstatic.com/firebasejs/9.14.0/firebase-auth.js","auth/cordova":"https://www.gstatic.com/firebasejs/9.14.0/firebase-auth/cordova.js","auth/react-native":"https://www.gstatic.com/firebasejs/9.14.0/firebase-auth/react-native.js","functions":"https://www.gstatic.com/firebasejs/9.14.0/firebase-functions.js","firestore":"https://www.gstatic.com/firebasejs/9.14.0/firebase-firestore.js","firestore/lite":"https://www.gstatic.com/firebasejs/9.14.0/firebase-firestore/lite.js","installations":"https://www.gstatic.com/firebasejs/9.14.0/firebase-installations.js","storage":"https://www.gstatic.com/firebasejs/9.14.0/firebase-storage.js","performance":"https://www.gstatic.com/firebasejs/9.14.0/firebase-performance.js","remote-config":"https://www.gstatic.com/firebasejs/9.14.0/firebase-remote-config.js","messaging":"https://www.gstatic.com/firebasejs/9.14.0/firebase-messaging.js","messaging/sw":"https://www.gstatic.com/firebasejs/9.14.0/firebase-messaging/sw.js","database":"https://www.gstatic.com/firebasejs/9.14.0/firebase-database.js","firestore.memory":"https://www.gstatic.com/firebasejs/9.14.0/firebase-firestore.memory.js"}}
[info] ✔  Wrote yes/index.html 
[info] 
[info] i  Didn't detect a .git folder. Assuming /home/matias/Documentos/firebase is the project root. 
[info] i  Authorizing with GitHub to upload your service account to a GitHub repository's secrets store. 
[info] 
[info] Visit this URL on this device to log in:
[info] https://github.com/login/oauth/authorize?client_id=89cf50f02ac6aaed3484&state=482454618&redirect_uri=http%3A%2F%2Flocalhost%3A9005&scope=read%3Auser%20repo%20public_repo
[info] 
[info] Waiting for authentication...
[debug] [2022-11-28T18:01:35.588Z] >>> [apiv2][query] POST https://github.com/login/oauth/access_token [none]
[debug] [2022-11-28T18:01:35.588Z] >>> [apiv2][body] POST https://github.com/login/oauth/access_token [stream]
[debug] [2022-11-28T18:01:36.088Z] <<< [apiv2][status] POST https://github.com/login/oauth/access_token 200
[debug] [2022-11-28T18:01:36.088Z] <<< [apiv2][body] POST https://github.com/login/oauth/access_token {"access_token":"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","token_type":"bearer","scope":"read:user,repo"}
[debug] [2022-11-28T18:01:36.152Z] >>> [apiv2][query] GET https://api.github.com/user [none]
[debug] [2022-11-28T18:01:36.750Z] <<< [apiv2][status] GET https://api.github.com/user 200
[debug] [2022-11-28T18:01:36.750Z] <<< [apiv2][body] GET https://api.github.com/user {"login":"matiastafernaberry","id":58243444,"node_id":"MDQ6VXNlcjU4MjQzNDQ0","avatar_url":"https://avatars.githubusercontent.com/u/58243444?v=4","gravatar_id":"","url":"https://api.github.com/users/matiastafernaberry","html_url":"https://github.com/matiastafernaberry","followers_url":"https://api.github.com/users/matiastafernaberry/followers","following_url":"https://api.github.com/users/matiastafernaberry/following{/other_user}","gists_url":"https://api.github.com/users/matiastafernaberry/gists{/gist_id}","starred_url":"https://api.github.com/users/matiastafernaberry/starred{/owner}{/repo}","subscriptions_url":"https://api.github.com/users/matiastafernaberry/subscriptions","organizations_url":"https://api.github.com/users/matiastafernaberry/orgs","repos_url":"https://api.github.com/users/matiastafernaberry/repos","events_url":"https://api.github.com/users/matiastafernaberry/events{/privacy}","received_events_url":"https://api.github.com/users/matiastafernaberry/received_events","type":"User","site_admin":false,"name":"Matias Tafernaberry","company":null,"blog":"","location":null,"email":null,"hireable":null,"bio":null,"twitter_username":null,"public_repos":19,"public_gists":0,"followers":0,"following":2,"created_at":"2019-11-27T03:59:22Z","updated_at":"2022-11-28T18:00:59Z","private_gists":0,"total_private_repos":13,"owned_private_repos":12,"disk_usage":338984,"collaborators":0,"two_factor_authentication":false,"plan":{"name":"free","space":976562499,"collaborators":0,"private_repos":10000}}
[info] 
[info] ✔  Success! Logged into GitHub as matiastafernaberry 
[info] 
[debug] [2022-11-28T18:01:49.251Z] >>> [apiv2][query] GET https://api.github.com/repos/user/actions/secrets/public-key type=owner
[debug] [2022-11-28T18:01:49.700Z] <<< [apiv2][status] GET https://api.github.com/repos/user/actions/secrets/public-key 404
[debug] [2022-11-28T18:01:49.701Z] <<< [apiv2][body] GET https://api.github.com/repos/user/actions/secrets/public-key {"message":"Not Found","documentation_url":"https://docs.github.com/rest"}
[debug] [2022-11-28T18:01:51.682Z] >>> [apiv2][query] GET https://api.github.com/repos/user/actions/secrets/public-key type=owner
[debug] [2022-11-28T18:01:52.051Z] <<< [apiv2][status] GET https://api.github.com/repos/user/actions/secrets/public-key 404
[debug] [2022-11-28T18:01:52.051Z] <<< [apiv2][body] GET https://api.github.com/repos/user/actions/secrets/public-key {"message":"Not Found","documentation_url":"https://docs.github.com/rest"}
[debug] [2022-11-28T18:02:02.927Z] >>> [apiv2][query] GET https://api.github.com/repos//actions/secrets/public-key type=owner
[debug] [2022-11-28T18:02:04.311Z] <<< [apiv2][status] GET https://api.github.com/repos//actions/secrets/public-key 404
[debug] [2022-11-28T18:02:04.312Z] <<< [apiv2][body] GET https://api.github.com/repos//actions/secrets/public-key {"message":"Not Found","documentation_url":"https://docs.github.com/rest"}
